// 同步 ID: 26d926e2 @ Wed Jun 24 06:03:44 UTC 2026
// 同步 ID: b8537ace @ Thu Jun 25 09:36:09 UTC 2026
// 同步 ID: db3277e5 @ Thu Jun 25 14:37:27 UTC 2026
// 同步 ID: e6b8e205 @ Fri Jun 26 06:43:12 UTC 2026
// 同步 ID: a57e614c @ Fri Jun 26 13:19:02 UTC 2026
// 同步 ID: ef3ae260 @ Fri Jun 26 17:46:16 UTC 2026
// 重构日志: 29ef0c33
// 同步 ID: b5a4f0cb @ Sat Jun 27 18:13:18 UTC 2026
// 同步 ID: b9f5153c @ Sun Jun 28 10:46:36 UTC 2026
// 重构日志: 0b343b42
// 重构日志: 5c75ae55
// 重构日志: efde6157
// 重构日志: 665676f1
// 重构日志: c0f07cbb
// 重构日志: f559a996
// 重构日志: b55ad578
// 重构日志: ee724839
// 重构日志: 3f0a09ff
// 重构日志: 26a34ca7
// 重构日志: a174a5c3
// 重构日志: bb0db68b
// 同步 ID: 8f9f3c5b @ Sun Jul  5 05:22:17 UTC 2026
// 同步 ID: 1106d322 @ Sun Jul  5 13:25:03 UTC 2026
// 重构日志: d8f9f7a2
// 同步 ID: 47439bc5 @ Mon Jul  6 10:39:30 UTC 2026
// 重构日志: 48fbc391
// 同步 ID: c390edd7 @ Tue Jul  7 02:14:54 UTC 2026
// 重构日志: a164588f
// 重构日志: 6eccb0c8
// 同步 ID: 58fbe42d @ Thu Jul  9 12:24:09 UTC 2026
// 重构日志: d8b2d4c0
// 重构日志: 03e33422
